<?xml version="1.0" encoding="UTF-8"?>
<testng-results ignored="0" total="1" passed="1" failed="0" skipped="0">
  <reporter-output>
  </reporter-output>
  <suite started-at="2025-02-07T00:00:39 IST" name="Default suite" finished-at="2025-02-07T00:00:41 IST" duration-ms="2008">
    <groups>
    </groups>
    <test started-at="2025-02-07T00:00:39 IST" name="Default test" finished-at="2025-02-07T00:00:41 IST" duration-ms="2008">
      <class name="com.star.tests.LoginTest">
        <test-method signature="loginTest()[pri:0, instance:com.star.tests.LoginTest@550dbc7a]" started-at="2025-02-07T00:00:39 IST" name="loginTest" description="Login Test" finished-at="2025-02-07T00:00:41 IST" duration-ms="1970" status="PASS">
          <reporter-output>
          </reporter-output>
        </test-method> <!-- loginTest -->
      </class> <!-- com.star.tests.LoginTest -->
    </test> <!-- Default test -->
  </suite> <!-- Default suite -->
</testng-results>
